c:\users\onome israel agwa\source\repos\mscstat\mscstat\x64\debug\vc143.pdb
c:\users\onome israel agwa\source\repos\mscstat\mscstat\x64\debug\vc143.idb
c:\users\onome israel agwa\source\repos\mscstat\mscstat\x64\debug\metricsfetcher.obj
c:\users\onome israel agwa\source\repos\mscstat\mscstat\x64\debug\utils.obj
c:\users\onome israel agwa\source\repos\mscstat\mscstat\x64\debug\server.obj
c:\users\onome israel agwa\source\repos\mscstat\mscstat\x64\debug\scriptmanager.obj
c:\users\onome israel agwa\source\repos\mscstat\mscstat\x64\debug\metricsmanager.obj
c:\users\onome israel agwa\source\repos\mscstat\mscstat\x64\debug\logmanager.obj
c:\users\onome israel agwa\source\repos\mscstat\mscstat\x64\debug\intelligencemanager.obj
c:\users\onome israel agwa\source\repos\mscstat\mscstat\x64\debug\datamanager.obj
c:\users\onome israel agwa\source\repos\mscstat\mscstat\x64\debug\application.obj
c:\users\onome israel agwa\source\repos\mscstat\mscstat\x64\debug\storagemetricprovider.obj
c:\users\onome israel agwa\source\repos\mscstat\mscstat\x64\debug\script.obj
c:\users\onome israel agwa\source\repos\mscstat\mscstat\x64\debug\rammetricprovider.obj
c:\users\onome israel agwa\source\repos\mscstat\mscstat\x64\debug\processmetricprovider.obj
c:\users\onome israel agwa\source\repos\mscstat\mscstat\x64\debug\networkmetricprovider.obj
c:\users\onome israel agwa\source\repos\mscstat\mscstat\x64\debug\metricproviderbase.obj
c:\users\onome israel agwa\source\repos\mscstat\mscstat\x64\debug\cpumetricprovider.obj
c:\users\onome israel agwa\source\repos\mscstat\mscstat\x64\debug\threadmanager.obj
c:\users\onome israel agwa\source\repos\mscstat\mscstat\x64\debug\configmanager.obj
c:\users\onome israel agwa\source\repos\mscstat\x64\debug\model.zip
c:\users\onome israel agwa\source\repos\mscstat\x64\debug\www.zip
c:\users\onome israel agwa\source\repos\mscstat\x64\debug\requirements.txt
c:\users\onome israel agwa\source\repos\mscstat\x64\debug\mscstat.exe
c:\users\onome israel agwa\source\repos\mscstat\mscstat\x64\debug\mscstat.ilk
c:\users\onome israel agwa\source\repos\mscstat\x64\debug\mscstat.pdb
c:\users\onome israel agwa\source\repos\mscstat\x64\debug\duktape.dll
c:\users\onome israel agwa\source\repos\mscstat\x64\debug\fmtd.dll
c:\users\onome israel agwa\source\repos\mscstat\x64\debug\restbed-shared.dll
c:\users\onome israel agwa\source\repos\mscstat\x64\debug\sqlite3.dll
c:\users\onome israel agwa\source\repos\mscstat\x64\debug\zip.dll
c:\users\onome israel agwa\source\repos\mscstat\x64\debug\bz2d.dll
c:\users\onome israel agwa\source\repos\mscstat\x64\debug\zlibd1.dll
c:\users\onome israel agwa\source\repos\mscstat\mscstat\x64\debug\mscstat.tlog\cl.command.1.tlog
c:\users\onome israel agwa\source\repos\mscstat\mscstat\x64\debug\mscstat.tlog\cl.items.tlog
c:\users\onome israel agwa\source\repos\mscstat\mscstat\x64\debug\mscstat.tlog\cl.read.1.tlog
c:\users\onome israel agwa\source\repos\mscstat\mscstat\x64\debug\mscstat.tlog\cl.write.1.tlog
c:\users\onome israel agwa\source\repos\mscstat\mscstat\x64\debug\mscstat.tlog\copyfile.command.1.tlog
c:\users\onome israel agwa\source\repos\mscstat\mscstat\x64\debug\mscstat.tlog\copyfile.read.1.tlog
c:\users\onome israel agwa\source\repos\mscstat\mscstat\x64\debug\mscstat.tlog\copyfile.write.1.tlog
c:\users\onome israel agwa\source\repos\mscstat\mscstat\x64\debug\mscstat.tlog\link.command.1.tlog
c:\users\onome israel agwa\source\repos\mscstat\mscstat\x64\debug\mscstat.tlog\link.read.1.tlog
c:\users\onome israel agwa\source\repos\mscstat\mscstat\x64\debug\mscstat.tlog\link.write.1.tlog
c:\users\onome israel agwa\source\repos\mscstat\mscstat\x64\debug\mscstat.tlog\mscstat.write.1u.tlog
